Arguments: 
  C:\Program Files\nodejs\node.exe C:\Users\Jande\AppData\Roaming\npm\node_modules\yarn\bin\yarn.js

PATH: 
  C:\Python27\;C:\Python27\Scripts;C:\app\Jander\product\18.0.0\dbhomeXE\bin;C:\app\Jander\product\1.8.0.0\dbhomeXE\bin;C:\Program Files (x86)\Common Files\Oracle\Java\javapath;C:\Windows\system32;C:\Windows;C:\Windows\System32\Wbem;C:\Windows\System32\WindowsPowerShell\v1.0\;C:\Windows\System32\OpenSSH\;C:\Program Files\NVIDIA Corporation\NVIDIA NvDLISR;C:\Program Files (x86)\NVIDIA Corporation\PhysX\Common;C:\ProgramData\chocolatey\bin;E:\Arquivos de Programas\NodeJS\;C:\Program Files\Microsoft SQL Server\Client SDK\ODBC\130\Tools\Binn\;C:\Program Files (x86)\Microsoft SQL Server\140\Tools\Binn\;C:\Program Files\Microsoft SQL Server\140\Tools\Binn\;C:\Program Files\Microsoft SQL Server\140\DTS\Binn\;C:\Program Files\dotnet\;C:\Program Files (x86)\Microsoft SQL Server\150\DTS\Binn\;C:\Program Files\Microsoft SQL Server\130\Tools\Binn\;C:\Program Files\Microsoft SQL Server\Client SDK\ODBC\170\Tools\Binn\;C:\Program Files\nodejs\;D:\Arquivos de Programas\MPLAB XC8\bin;D:\Arquivos de Programas\Git\cmd;C:\Users\Jande\AppData\Local\Microsoft\WindowsApps;D:\Arquivos de Programas\Microsoft VS Code\bin;C:\Users\Jande\AppData\Local\GitHubDesktop\bin;D:\Arquivos de Programas\Android\SDK\platform-tools;D:\Arquivos de Programas\Android\SDK\tools;C:\ProgramData\chocolatey\lib\mingw\tools\install\mingw64\bin;C:\Users\Jande\AppData\Roaming\npm;C:\Users\Jande\AppData\Roaming\npm;

Yarn version: 
  1.22.0

Node version: 
  12.16.1

Platform: 
  win32 x64

Trace: 
  Error: EBUSY: resource busy or locked, unlink 'D:\Jander Silva\Documents\GitHub\Aprendizado-JavaScript\CursoJS\Electron\FirstApp\node_modules\electron\dist\chrome_100_percent.pak'

npm manifest: 
  {
    "name": "electron-quick-start",
    "version": "1.0.0",
    "description": "A minimal Electron application",
    "main": "main.js",
    "scripts": {
      "start": "electron ."
    },
    "repository": "https://github.com/electron/electron-quick-start",
    "keywords": [
      "Electron",
      "quick",
      "start",
      "tutorial",
      "demo"
    ],
    "author": "GitHub",
    "license": "CC0-1.0",
    "devDependencies": {
      "electron": "^8.2.3"
    }
  }

yarn manifest: 
  No manifest

Lockfile: 
  No lockfile
